1557925307.160924 client started (4211): version 2.8, socket /private/tmp/tmux-502/default, protocol 8
1557925307.160980 on Darwin 18.5.0 Darwin Kernel Version 18.5.0: Mon Mar 11 20:40:32 PDT 2019; root:xnu-4903.251.3~3/RELEASE_X86_64; libevent 2.1.8-stable (select)
1557925307.161026 socket is /private/tmp/tmux-502/default
1557925307.161048 trying connect
1557925307.161136 add peer 0x1028d5000: 6 (0x0)
1557925307.178388 sending message 100 to peer 0x1028d5000 (4 bytes)
1557925307.178427 sending message 101 to peer 0x1028d5000 (16 bytes)
1557925307.178444 sending message 102 to peer 0x1028d5000 (13 bytes)
1557925307.178456 sending message 108 to peer 0x1028d5000 (34 bytes)
1557925307.178480 sending message 104 to peer 0x1028d5000 (0 bytes)
1557925307.178494 sending message 107 to peer 0x1028d5000 (4 bytes)
1557925307.178506 sending message 105 to peer 0x1028d5000 (76 bytes)
1557925307.178518 sending message 105 to peer 0x1028d5000 (15 bytes)
1557925307.178530 sending message 105 to peer 0x1028d5000 (43 bytes)
1557925307.178541 sending message 105 to peer 0x1028d5000 (84 bytes)
1557925307.178553 sending message 105 to peer 0x1028d5000 (18 bytes)
1557925307.178566 sending message 105 to peer 0x1028d5000 (22 bytes)
1557925307.178574 sending message 105 to peer 0x1028d5000 (61 bytes)
1557925307.178583 sending message 105 to peer 0x1028d5000 (17 bytes)
1557925307.178592 sending message 105 to peer 0x1028d5000 (14 bytes)
1557925307.178601 sending message 105 to peer 0x1028d5000 (36 bytes)
1557925307.178609 sending message 105 to peer 0x1028d5000 (39 bytes)
1557925307.178619 sending message 105 to peer 0x1028d5000 (218 bytes)
1557925307.178627 sending message 105 to peer 0x1028d5000 (38 bytes)
1557925307.178636 sending message 105 to peer 0x1028d5000 (24 bytes)
1557925307.178644 sending message 105 to peer 0x1028d5000 (26 bytes)
1557925307.178652 sending message 105 to peer 0x1028d5000 (8 bytes)
1557925307.178661 sending message 105 to peer 0x1028d5000 (66 bytes)
1557925307.178670 sending message 105 to peer 0x1028d5000 (21 bytes)
1557925307.178678 sending message 105 to peer 0x1028d5000 (23 bytes)
1557925307.178686 sending message 105 to peer 0x1028d5000 (28 bytes)
1557925307.178695 sending message 105 to peer 0x1028d5000 (60 bytes)
1557925307.178703 sending message 105 to peer 0x1028d5000 (57 bytes)
1557925307.178711 sending message 105 to peer 0x1028d5000 (42 bytes)
1557925307.178719 sending message 105 to peer 0x1028d5000 (14 bytes)
1557925307.178728 sending message 105 to peer 0x1028d5000 (53 bytes)
1557925307.178740 sending message 105 to peer 0x1028d5000 (11 bytes)
1557925307.178749 sending message 105 to peer 0x1028d5000 (14 bytes)
1557925307.178758 sending message 105 to peer 0x1028d5000 (19 bytes)
1557925307.178766 sending message 105 to peer 0x1028d5000 (32 bytes)
1557925307.178775 sending message 105 to peer 0x1028d5000 (35 bytes)
1557925307.178783 sending message 105 to peer 0x1028d5000 (18 bytes)
1557925307.178791 sending message 105 to peer 0x1028d5000 (27 bytes)
1557925307.178799 sending message 105 to peer 0x1028d5000 (24 bytes)
1557925307.178807 sending message 105 to peer 0x1028d5000 (27 bytes)
1557925307.178815 sending message 105 to peer 0x1028d5000 (27 bytes)
1557925307.178824 sending message 106 to peer 0x1028d5000 (0 bytes)
1557925307.178837 sending message 200 to peer 0x1028d5000 (4 bytes)
1557925307.178845 client loop enter
1557925307.189755 peer 0x1028d5000 message 211
1557925307.189784 client_write: sessions should be nested with care, unset $TMUX to force\n
1557925307.189810 peer 0x1028d5000 message 203
1557925307.189821 client loop exit
